The system is: Linux - 3.0.101-0.47.71-default - x86_64
Compiling the C compiler identification source file "CMakeCCompilerId.c" succeeded.
Compiler: /opt/apps/intel/16.0.1.150/compilers_and_libraries_2016.1.150/linux/bin/intel64/icc 
Build flags: 
Id flags: 

The output was:
0


Compilation of the C compiler identification source "CMakeCCompilerId.c" produced "a.out"

The C compiler identification is Intel, found in "/home1/03928/juchao/stc_project/bin/CMakeFiles/CompilerIdC/a.out"

Compiling the CXX compiler identification source file "CMakeCXXCompilerId.cpp" succeeded.
Compiler: /opt/apps/intel/16.0.1.150/compilers_and_libraries_2016.1.150/linux/bin/intel64/icpc 
Build flags: 
Id flags: 

The output was:
0


Compilation of the CXX compiler identification source "CMakeCXXCompilerId.cpp" produced "a.out"

The CXX compiler identification is Intel, found in "/home1/03928/juchao/stc_project/bin/CMakeFiles/CompilerIdCXX/a.out"

Determining if the C compiler works passed with the following output:
Change Dir: /home1/03928/juchao/stc_project/bin/CMakeFiles/CMakeTmp

Run Build Command:/usr/bin/gmake "cmTryCompileExec/fast"
/usr/bin/gmake -f CMakeFiles/cmTryCompileExec.dir/build.make CMakeFiles/cmTryCompileExec.dir/build
gmake[1]: Entering directory `/home1/03928/juchao/stc_project/bin/CMakeFiles/CMakeTmp'
/usr/bin/cmake -E cmake_progress_report /home1/03928/juchao/stc_project/bin/CMakeFiles/CMakeTmp/CMakeFiles 1
Building C object CMakeFiles/cmTryCompileExec.dir/testCCompiler.c.o
/opt/apps/intel/16.0.1.150/compilers_and_libraries_2016.1.150/linux/bin/intel64/icc    -o CMakeFiles/cmTryCompileExec.dir/testCCompiler.c.o   -c /home1/03928/juchao/stc_project/bin/CMakeFiles/CMakeTmp/testCCompiler.c
Linking C executable cmTryCompileExec
/usr/bin/cmake -E cmake_link_script CMakeFiles/cmTryCompileExec.dir/link.txt --verbose=1
/opt/apps/intel/16.0.1.150/compilers_and_libraries_2016.1.150/linux/bin/intel64/icc       -fPIC CMakeFiles/cmTryCompileExec.dir/testCCompiler.c.o  -o cmTryCompileExec -rdynamic 
gmake[1]: Leaving directory `/home1/03928/juchao/stc_project/bin/CMakeFiles/CMakeTmp'


Detecting C compiler ABI info compiled with the following output:
Change Dir: /home1/03928/juchao/stc_project/bin/CMakeFiles/CMakeTmp

Run Build Command:/usr/bin/gmake "cmTryCompileExec/fast"
/usr/bin/gmake -f CMakeFiles/cmTryCompileExec.dir/build.make CMakeFiles/cmTryCompileExec.dir/build
gmake[1]: Entering directory `/home1/03928/juchao/stc_project/bin/CMakeFiles/CMakeTmp'
/usr/bin/cmake -E cmake_progress_report /home1/03928/juchao/stc_project/bin/CMakeFiles/CMakeTmp/CMakeFiles 1
Building C object CMakeFiles/cmTryCompileExec.dir/CMakeCCompilerABI.c.o
/opt/apps/intel/16.0.1.150/compilers_and_libraries_2016.1.150/linux/bin/intel64/icc    -o CMakeFiles/cmTryCompileExec.dir/CMakeCCompilerABI.c.o   -c /usr/share/cmake/Modules/CMakeCCompilerABI.c
Linking C executable cmTryCompileExec
/usr/bin/cmake -E cmake_link_script CMakeFiles/cmTryCompileExec.dir/link.txt --verbose=1
/opt/apps/intel/16.0.1.150/compilers_and_libraries_2016.1.150/linux/bin/intel64/icc       -fPIC CMakeFiles/cmTryCompileExec.dir/CMakeCCompilerABI.c.o  -o cmTryCompileExec -rdynamic 
gmake[1]: Leaving directory `/home1/03928/juchao/stc_project/bin/CMakeFiles/CMakeTmp'


Determining if the CXX compiler works passed with the following output:
Change Dir: /home1/03928/juchao/stc_project/bin/CMakeFiles/CMakeTmp

Run Build Command:/usr/bin/gmake "cmTryCompileExec/fast"
/usr/bin/gmake -f CMakeFiles/cmTryCompileExec.dir/build.make CMakeFiles/cmTryCompileExec.dir/build
gmake[1]: Entering directory `/home1/03928/juchao/stc_project/bin/CMakeFiles/CMakeTmp'
/usr/bin/cmake -E cmake_progress_report /home1/03928/juchao/stc_project/bin/CMakeFiles/CMakeTmp/CMakeFiles 1
Building CXX object CMakeFiles/cmTryCompileExec.dir/testCXXCompiler.cxx.o
/opt/apps/intel/16.0.1.150/compilers_and_libraries_2016.1.150/linux/bin/intel64/icpc     -o CMakeFiles/cmTryCompileExec.dir/testCXXCompiler.cxx.o -c /home1/03928/juchao/stc_project/bin/CMakeFiles/CMakeTmp/testCXXCompiler.cxx
Linking CXX executable cmTryCompileExec
/usr/bin/cmake -E cmake_link_script CMakeFiles/cmTryCompileExec.dir/link.txt --verbose=1
/opt/apps/intel/16.0.1.150/compilers_and_libraries_2016.1.150/linux/bin/intel64/icpc        -fPIC CMakeFiles/cmTryCompileExec.dir/testCXXCompiler.cxx.o  -o cmTryCompileExec -rdynamic 
gmake[1]: Leaving directory `/home1/03928/juchao/stc_project/bin/CMakeFiles/CMakeTmp'


Detecting CXX compiler ABI info compiled with the following output:
Change Dir: /home1/03928/juchao/stc_project/bin/CMakeFiles/CMakeTmp

Run Build Command:/usr/bin/gmake "cmTryCompileExec/fast"
/usr/bin/gmake -f CMakeFiles/cmTryCompileExec.dir/build.make CMakeFiles/cmTryCompileExec.dir/build
gmake[1]: Entering directory `/home1/03928/juchao/stc_project/bin/CMakeFiles/CMakeTmp'
/usr/bin/cmake -E cmake_progress_report /home1/03928/juchao/stc_project/bin/CMakeFiles/CMakeTmp/CMakeFiles 1
Building CXX object CMakeFiles/cmTryCompileExec.dir/CMakeCXXCompilerABI.cpp.o
/opt/apps/intel/16.0.1.150/compilers_and_libraries_2016.1.150/linux/bin/intel64/icpc     -o CMakeFiles/cmTryCompileExec.dir/CMakeCXXCompilerABI.cpp.o -c /usr/share/cmake/Modules/CMakeCXXCompilerABI.cpp
Linking CXX executable cmTryCompileExec
/usr/bin/cmake -E cmake_link_script CMakeFiles/cmTryCompileExec.dir/link.txt --verbose=1
/opt/apps/intel/16.0.1.150/compilers_and_libraries_2016.1.150/linux/bin/intel64/icpc        -fPIC CMakeFiles/cmTryCompileExec.dir/CMakeCXXCompilerABI.cpp.o  -o cmTryCompileExec -rdynamic 
gmake[1]: Leaving directory `/home1/03928/juchao/stc_project/bin/CMakeFiles/CMakeTmp'


